<?xml version="1.0" encoding="UTF-8" ?>
<testsuite errors="0" failures="0" hostname="wes-vaio-ubuntu" name="org.givwenzen.parse.StringToObjectParserTest" tests="1" time="0.617" timestamp="2011-03-30T21:48:28">
  <properties>
[...]
</properties>
  <testcase classname="org.givwenzen.parse.StringToObjectParserTest" name="shouldFindAdditionalMethodParameterParsersInBDDDotParse" time="0.467" />
  <system-out><![CDATA[]]></system-out>
  <system-err><![CDATA[log4j:WARN No appenders could be found for logger (org.apache.commons.vfs.impl.DefaultFileReplicator).
log4j:WARN Please initialize the log4j system properly.
]]></system-err>
</testsuite>
